<?xml version="1.0" encoding="UTF-8"?>
<!-- Generated by org.testng.reporters.JUnitXMLReporter -->
<testsuite hostname="Bhabanis-MacBook-Air.local" ignored="0" name="Default test" tests="5" failures="0" timestamp="16 Oct 2018 07:22:34 GMT" time="0.096" errors="0">
  <testcase name="LoginTest" time="0.019" classname="appTests.Practice"/>
  <testcase name="CreateUser" time="0.005" classname="appTests.Practice"/>
  <testcase name="CreatePackage" time="0.003" classname="appTests.Practice"/>
  <testcase name="AddPeople" time="0.005" classname="appTests.Practice"/>
  <testcase name="LogOutTest" time="0.003" classname="appTests.Practice"/>
</testsuite> <!-- Default test -->
