<?xml version="1.0" encoding="UTF-8"?>
<!-- Generated by org.testng.reporters.JUnitXMLReporter -->
<testsuite hostname="Bhabanis-MacBook-Air.local" ignored="0" name="Default test" tests="3" failures="0" timestamp="05 Nov 2018 08:56:39 GMT" time="82.033" errors="0">
  <testcase name="loginToSocio" time="0.359" classname="appTests.Practice"/>
  <testcase name="createNewImplementation" time="27.672" classname="appTests.Practice"/>
  <testcase name="deleteNewIMplementation" time="1.507" classname="appTests.Practice"/>
</testsuite> <!-- Default test -->
