<?xml version="1.0" encoding="UTF-8"?>
<testng-results skipped="0" failed="0" ignored="0" total="3" passed="3">
  <reporter-output>
  </reporter-output>
  <suite name="Default suite" duration-ms="45408" started-at="2018-11-12T04:34:46Z" finished-at="2018-11-12T04:35:31Z">
    <groups>
    </groups>
    <test name="Default test" duration-ms="45408" started-at="2018-11-12T04:34:46Z" finished-at="2018-11-12T04:35:31Z">
      <class name="appTests.Practice">
        <test-method status="PASS" signature="init()[pri:0, instance:appTests.Practice@2286778]" name="init" is-config="true" duration-ms="16618" started-at="2018-11-12T04:34:46Z" finished-at="2018-11-12T04:35:02Z">
          <reporter-output>
          </reporter-output>
        </test-method> <!-- init -->
        <test-method status="PASS" signature="loginToSocio()[pri:0, instance:appTests.Practice@2286778]" name="loginToSocio" duration-ms="408" started-at="2018-11-12T04:35:02Z" finished-at="2018-11-12T04:35:03Z">
          <reporter-output>
          </reporter-output>
        </test-method> <!-- loginToSocio -->
        <test-method status="PASS" signature="createNewImplementation()[pri:1, instance:appTests.Practice@2286778]" name="createNewImplementation" duration-ms="26788" started-at="2018-11-12T04:35:03Z" finished-at="2018-11-12T04:35:30Z">
          <reporter-output>
          </reporter-output>
        </test-method> <!-- createNewImplementation -->
        <test-method status="PASS" signature="deleteNewIMplementation()[pri:2, instance:appTests.Practice@2286778]" name="deleteNewIMplementation" duration-ms="1551" started-at="2018-11-12T04:35:30Z" finished-at="2018-11-12T04:35:31Z">
          <reporter-output>
          </reporter-output>
        </test-method> <!-- deleteNewIMplementation -->
      </class> <!-- appTests.Practice -->
    </test> <!-- Default test -->
  </suite> <!-- Default suite -->
</testng-results>
