<?xml version="1.0" encoding="UTF-8"?>
<testng-results skipped="0" failed="0" ignored="0" total="3" passed="3">
  <reporter-output>
  </reporter-output>
  <suite name="SuiteOne" duration-ms="92396" started-at="2018-11-05T09:22:14Z" finished-at="2018-11-05T09:23:46Z">
    <groups>
    </groups>
    <test name="FirstTest" duration-ms="92396" started-at="2018-11-05T09:22:14Z" finished-at="2018-11-05T09:23:46Z">
      <class name="appTests.Practice">
        <test-method status="PASS" signature="init()[pri:0, instance:appTests.Practice@527740a2]" name="init" is-config="true" duration-ms="52107" started-at="2018-11-05T09:22:14Z" finished-at="2018-11-05T09:23:06Z">
          <reporter-output>
          </reporter-output>
        </test-method> <!-- init -->
        <test-method status="PASS" signature="loginToSocio()[pri:0, instance:appTests.Practice@527740a2]" name="loginToSocio" duration-ms="2980" started-at="2018-11-05T09:23:06Z" finished-at="2018-11-05T09:23:09Z">
          <reporter-output>
          </reporter-output>
        </test-method> <!-- loginToSocio -->
        <test-method status="PASS" signature="createNewImplementation()[pri:1, instance:appTests.Practice@527740a2]" name="createNewImplementation" duration-ms="34502" started-at="2018-11-05T09:23:09Z" finished-at="2018-11-05T09:23:44Z">
          <reporter-output>
          </reporter-output>
        </test-method> <!-- createNewImplementation -->
        <test-method status="PASS" signature="deleteNewIMplementation()[pri:2, instance:appTests.Practice@527740a2]" name="deleteNewIMplementation" duration-ms="2408" started-at="2018-11-05T09:23:44Z" finished-at="2018-11-05T09:23:46Z">
          <reporter-output>
          </reporter-output>
        </test-method> <!-- deleteNewIMplementation -->
      </class> <!-- appTests.Practice -->
    </test> <!-- FirstTest -->
  </suite> <!-- SuiteOne -->
</testng-results>
