<?xml version="1.0" encoding="UTF-8"?>
<!-- Generated by org.testng.reporters.JUnitXMLReporter -->
<testsuite hostname="Bhabanis-MacBook-Air.local" ignored="0" name="FirstTest" tests="3" failures="0" timestamp="05 Nov 2018 09:23:46 GMT" time="92.396" errors="0">
  <testcase name="loginToSocio" time="2.98" classname="appTests.Practice"/>
  <testcase name="createNewImplementation" time="34.502" classname="appTests.Practice"/>
  <testcase name="deleteNewIMplementation" time="2.408" classname="appTests.Practice"/>
</testsuite> <!-- FirstTest -->
