<?xml version="1.0" encoding="UTF-8"?>
<!-- Generated by org.testng.reporters.JUnitXMLReporter -->
<testsuite hostname="Bhabanis-MacBook-Air.local" ignored="0" name="FirstTest" tests="5" failures="0" timestamp="16 Oct 2018 07:58:59 GMT" time="5.794" errors="0">
  <testcase name="LoginTest" time="2.63" classname="appTests.Practice"/>
  <testcase name="CreateUser" time="0.756" classname="appTests.Practice"/>
  <testcase name="CreatePackage" time="0.72" classname="appTests.Practice"/>
  <testcase name="AddPeople" time="0.633" classname="appTests.Practice"/>
  <testcase name="LogOutTest" time="0.778" classname="appTests.Practice">
    <skipped/>
  </testcase> <!-- LogOutTest -->
</testsuite> <!-- FirstTest -->
