<?xml version="1.0" encoding="UTF-8"?>
<!-- Generated by org.testng.reporters.JUnitXMLReporter -->
<testsuite hostname="Bhabanis-MacBook-Air.local" ignored="0" name="FirstTest" tests="3" failures="0" timestamp="05 Nov 2018 12:19:22 GMT" time="57.256" errors="0">
  <testcase name="loginToSocio" time="2.983" classname="appTests.Practice"/>
  <testcase name="createNewImplementation" time="26.109" classname="appTests.Practice"/>
  <testcase name="deleteNewIMplementation" time="1.981" classname="appTests.Practice"/>
</testsuite> <!-- FirstTest -->
