<?xml version="1.0" encoding="UTF-8"?>
<!-- Generated by org.testng.reporters.JUnitXMLReporter -->
<testsuite hostname="Bhabanis-MacBook-Air.local" ignored="0" name="FirstTest" tests="5" failures="0" timestamp="26 Oct 2018 05:58:42 GMT" time="5.691" errors="0">
  <testcase name="LoginTest" time="2.757" classname="appTests.Practice"/>
  <testcase name="CreateUser" time="0.647" classname="appTests.Practice"/>
  <testcase name="CreatePackage" time="0.647" classname="appTests.Practice"/>
  <testcase name="AddPeople" time="0.703" classname="appTests.Practice"/>
  <testcase name="LogOutTest" time="0.649" classname="appTests.Practice">
    <skipped/>
  </testcase> <!-- LogOutTest -->
</testsuite> <!-- FirstTest -->
